Build started 1/6/2010 7:13:02 PM.
     1>Project "D:\Users\Sasha\Documents\LiveMesh\SharingBin\C++ 2010 Windows Platform UG\Code\Code.vcxproj" on node 9 (build target(s)).
     1>_PrepareForBuild:
         Creating "Debug\Code.unsuccessfulbuild" because "AlwaysCreate" was specified.
       ClCompile:
         c:\Program Files\Microsoft Visual Studio 10.0\VC\bin\CL.exe /c /ZI /nologo /W3 /WX- /Od /Oy- /D WIN32 /D _DEBUG /D _CONSOLE /D _UNICODE /D UNICODE /Gm /EHsc /RTC1 /MDd /GS /fp:precise /Zc:wchar_t /Zc:forScope /Fo"Debug\\" /Fd"Debug\vc100.pdb" /Gd /TP /analyze- /errorReport:prompt PlayingWithC++0x.cpp
         PlayingWithC++0x.cpp
       ManifestResourceCompile:
         All outputs are up-to-date.
       Link:
         c:\Program Files\Microsoft Visual Studio 10.0\VC\bin\link.exe /ERRORREPORT:PROMPT /OUT:"D:\Users\Sasha\Documents\LiveMesh\SharingBin\C++ 2010 Windows Platform UG\Code\Debug\Code.exe" /INCREMENTAL /NOLOGO kernel32.lib user32.lib gdi32.lib winspool.lib comdlg32.lib advapi32.lib shell32.lib ole32.lib oleaut32.lib uuid.lib odbc32.lib odbccp32.lib /MANIFEST /ManifestFile:"Debug\Code.exe.intermediate.manifest" /MANIFESTUAC:"level='asInvoker' uiAccess='false'" /DEBUG /PDB:"D:\Users\Sasha\Documents\LiveMesh\SharingBin\C++ 2010 Windows Platform UG\Code\Debug\Code.pdb" /SUBSYSTEM:CONSOLE /TLBID:1 /DYNAMICBASE /NXCOMPAT /IMPLIB:"D:\Users\Sasha\Documents\LiveMesh\SharingBin\C++ 2010 Windows Platform UG\Code\Debug\Code.lib" /MACHINE:X86 Debug\PlayingWithC++0x.obj
         Debug\Code.exe.embed.manifest.res
       Manifest:
         c:\Program Files\Microsoft SDKs\Windows\v7.0A\bin\mt.exe /nologo /verbose /out:"Debug\Code.exe.embed.manifest" /manifest Debug\Code.exe.intermediate.manifest
         c:\Program Files\Microsoft SDKs\Windows\v7.0A\bin\rc.exe /nologo /fo"Debug\Code.exe.embed.manifest.res" Debug\Code_manifest.rc 
       LinkEmbedManifest:
         c:\Program Files\Microsoft Visual Studio 10.0\VC\bin\link.exe /ERRORREPORT:PROMPT /OUT:"D:\Users\Sasha\Documents\LiveMesh\SharingBin\C++ 2010 Windows Platform UG\Code\Debug\Code.exe" /INCREMENTAL /NOLOGO kernel32.lib user32.lib gdi32.lib winspool.lib comdlg32.lib advapi32.lib shell32.lib ole32.lib oleaut32.lib uuid.lib odbc32.lib odbccp32.lib /MANIFEST /ManifestFile:"Debug\Code.exe.intermediate.manifest" /MANIFESTUAC:"level='asInvoker' uiAccess='false'" /DEBUG /PDB:"D:\Users\Sasha\Documents\LiveMesh\SharingBin\C++ 2010 Windows Platform UG\Code\Debug\Code.pdb" /SUBSYSTEM:CONSOLE /TLBID:1 /DYNAMICBASE /NXCOMPAT /IMPLIB:"D:\Users\Sasha\Documents\LiveMesh\SharingBin\C++ 2010 Windows Platform UG\Code\Debug\Code.lib" /MACHINE:X86 Debug\PlayingWithC++0x.obj
         Debug\Code.exe.embed.manifest.res
         Code.vcxproj -> D:\Users\Sasha\Documents\LiveMesh\SharingBin\C++ 2010 Windows Platform UG\Code\Debug\Code.exe
       _AfterBuild:
         Deleting file "Debug\Code.unsuccessfulbuild".
         Touching "Debug\Code.lastbuildstate".
     1>Done Building Project "D:\Users\Sasha\Documents\LiveMesh\SharingBin\C++ 2010 Windows Platform UG\Code\Code.vcxproj" (build target(s)).

Build succeeded.

Time Elapsed 00:00:04.80
