Shape::Ctor()
Circle::Ctor()
Shape::CCtor()
Circle::CCtor()
Circle::Draw()
Circle::Dtor()
Shape::Dtor()
Shape::Ctor()
Circle::Ctor()
Shape::Ctor()
Square::Ctor()
Shape::Ctor()
Circle::Ctor()
Circle::Draw()
Square::Draw()
Circle::Draw()
Circle::Dtor()
Shape::Dtor()
Square::Dtor()
Shape::Dtor()
Circle::Dtor()
Shape::Dtor()
Shape::Ctor()
Circle::Ctor()
Shape::CCtor()
Circle::Dtor()
Shape::Dtor()
Shape::Ctor()
Square::Ctor()
Shape::CCtor()
Square::Dtor()
Shape::Dtor()
Shape::Ctor()
Shape::Draw() : 3
Shape::Draw() : 4
Shape::Draw() : 4
NShapes: 4
Shape::Ctor()
Circle::Ctor()
NShapes: 5
Shape::Ctor()
Circle::Ctor()
Shape::Ctor()
Circle::Ctor()
Shape::Ctor()
Circle::Ctor()
Shape::Ctor()
Circle::Ctor()
Shape::Ctor()
Square::Ctor()
Shape::Ctor()
Square::Ctor()
Shape::Ctor()
Square::Ctor()
Shape::Ctor()
Square::Ctor()
Square::Dtor()
Shape::Dtor()
Square::Dtor()
Shape::Dtor()
Square::Dtor()
Shape::Dtor()
Square::Dtor()
Shape::Dtor()
Circle::Dtor()
Shape::Dtor()
Circle::Dtor()
Shape::Dtor()
Circle::Dtor()
Shape::Dtor()
Circle::Dtor()
Shape::Dtor()
Circle::Dtor()
Shape::Dtor()
Shape::Dtor()
Shape::Dtor()
Shape::Dtor()
Circle::Dtor()
Shape::Dtor()
